<?xml version="1.0" encoding="UTF-8"?>
<testsuite name="com.meli.interview.back.subscription_api.controller.UserControllerMockMvcTest" tests="1" skipped="0" failures="0" errors="0" timestamp="2022-07-08T13:02:01" hostname="SKERE" time="2.081">
  <properties/>
  <testcase name="saveUsuario()" classname="com.meli.interview.back.subscription_api.controller.UserControllerMockMvcTest" time="2.081"/>
  <system-out><![CDATA[10:01:44.580 [Test worker] DEBUG org.springframework.test.context.BootstrapUtils - Instantiating CacheAwareContextLoaderDelegate from class [org.springframework.test.context.cache.DefaultCacheAwareContextLoaderDelegate]
10:01:44.686 [Test worker] DEBUG org.springframework.test.context.BootstrapUtils - Instantiating BootstrapContext using constructor [public org.springframework.test.context.support.DefaultBootstrapContext(java.lang.Class,org.springframework.test.context.CacheAwareContextLoaderDelegate)]
10:01:44.949 [Test worker] DEBUG org.springframework.test.context.BootstrapUtils - Instantiating TestContextBootstrapper for test class [com.meli.interview.back.subscription_api.controller.UserControllerMockMvcTest] from class [org.springframework.boot.test.autoconfigure.web.servlet.WebMvcTestContextBootstrapper]
10:01:45.032 [Test worker] INFO org.springframework.boot.test.autoconfigure.web.servlet.WebMvcTestContextBootstrapper - Neither @ContextConfiguration nor @ContextHierarchy found for test class [com.meli.interview.back.subscription_api.controller.UserControllerMockMvcTest], using SpringBootContextLoader
10:01:45.058 [Test worker] DEBUG org.springframework.test.context.support.AbstractContextLoader - Did not detect default resource location for test class [com.meli.interview.back.subscription_api.controller.UserControllerMockMvcTest]: class path resource [com/meli/interview/back/subscription_api/controller/UserControllerMockMvcTest-context.xml] does not exist
10:01:45.064 [Test worker] DEBUG org.springframework.test.context.support.AbstractContextLoader - Did not detect default resource location for test class [com.meli.interview.back.subscription_api.controller.UserControllerMockMvcTest]: class path resource [com/meli/interview/back/subscription_api/controller/UserControllerMockMvcTestContext.groovy] does not exist
10:01:45.066 [Test worker] INFO org.springframework.test.context.support.AbstractContextLoader - Could not detect default resource locations for test class [com.meli.interview.back.subscription_api.controller.UserControllerMockMvcTest]: no resource found for suffixes {-context.xml, Context.groovy}.
10:01:45.076 [Test worker] INFO org.springframework.test.context.support.AnnotationConfigContextLoaderUtils - Could not detect default configuration classes for test class [com.meli.interview.back.subscription_api.controller.UserControllerMockMvcTest]: UserControllerMockMvcTest does not declare any static, non-private, non-final, nested classes annotated with @Configuration.
10:01:45.567 [Test worker] DEBUG org.springframework.test.context.support.ActiveProfilesUtils - Could not find an 'annotation declaring class' for annotation type [org.springframework.test.context.ActiveProfiles] and class [com.meli.interview.back.subscription_api.controller.UserControllerMockMvcTest]
10:01:46.134 [Test worker] DEBUG org.springframework.context.annotation.ClassPathScanningCandidateComponentProvider - Identified candidate component class: file [C:\Users\Yoni\Desktop\JAVADADU\proyecto Gradle\facu\interview-back\build\classes\java\main\com\meli\interview\back\subscription_api\SubscriptionApplication.class]
10:01:46.144 [Test worker] INFO org.springframework.boot.test.context.SpringBootTestContextBootstrapper - Found @SpringBootConfiguration com.meli.interview.back.subscription_api.SubscriptionApplication for test class com.meli.interview.back.subscription_api.controller.UserControllerMockMvcTest
10:01:46.160 [Test worker] DEBUG org.springframework.boot.test.autoconfigure.web.servlet.WebMvcTestContextBootstrapper - @TestExecutionListeners is not present for class [com.meli.interview.back.subscription_api.controller.UserControllerMockMvcTest]: using defaults.
10:01:46.162 [Test worker] INFO org.springframework.boot.test.autoconfigure.web.servlet.WebMvcTestContextBootstrapper - Loaded default TestExecutionListener class names from location [META-INF/spring.factories]: [org.springframework.boot.test.autoconfigure.restdocs.RestDocsTestExecutionListener, org.springframework.boot.test.autoconfigure.web.client.MockRestServiceServerResetTestExecutionListener, org.springframework.boot.test.autoconfigure.web.servlet.MockMvcPrintOnlyOnFailureTestExecutionListener, org.springframework.boot.test.autoconfigure.web.servlet.WebDriverTestExecutionListener, org.springframework.boot.test.autoconfigure.webservices.client.MockWebServiceServerTestExecutionListener, org.springframework.boot.test.mock.mockito.MockitoTestExecutionListener, org.springframework.boot.test.mock.mockito.ResetMocksTestExecutionListener, org.springframework.test.context.web.ServletTestExecutionListener, org.springframework.test.context.support.DirtiesContextBeforeModesTestExecutionListener, org.springframework.test.context.event.ApplicationEventsTestExecutionListener, org.springframework.test.context.support.DependencyInjectionTestExecutionListener, org.springframework.test.context.support.DirtiesContextTestExecutionListener, org.springframework.test.context.transaction.TransactionalTestExecutionListener, org.springframework.test.context.jdbc.SqlScriptsTestExecutionListener, org.springframework.test.context.event.EventPublishingTestExecutionListener]
10:01:46.465 [Test worker] INFO org.springframework.boot.test.autoconfigure.web.servlet.WebMvcTestContextBootstrapper - Using TestExecutionListeners: [org.springframework.test.context.web.ServletTestExecutionListener@5769e7ae, org.springframework.test.context.support.DirtiesContextBeforeModesTestExecutionListener@5c77053b, org.springframework.test.context.event.ApplicationEventsTestExecutionListener@26b894bd, org.springframework.boot.test.mock.mockito.MockitoTestExecutionListener@287f94b1, org.springframework.boot.test.autoconfigure.SpringBootDependencyInjectionTestExecutionListener@30b34287, org.springframework.test.context.support.DirtiesContextTestExecutionListener@5489c777, org.springframework.test.context.transaction.TransactionalTestExecutionListener@3676ac27, org.springframework.test.context.jdbc.SqlScriptsTestExecutionListener@62f87c44, org.springframework.test.context.event.EventPublishingTestExecutionListener@48f5bde6, org.springframework.boot.test.autoconfigure.restdocs.RestDocsTestExecutionListener@525d79f0, org.springframework.boot.test.autoconfigure.web.client.MockRestServiceServerResetTestExecutionListener@5149f008, org.springframework.boot.test.autoconfigure.web.servlet.MockMvcPrintOnlyOnFailureTestExecutionListener@7072bc39, org.springframework.boot.test.autoconfigure.web.servlet.WebDriverTestExecutionListener@158d255c, org.springframework.boot.test.autoconfigure.webservices.client.MockWebServiceServerTestExecutionListener@2ca65ce4, org.springframework.boot.test.mock.mockito.ResetMocksTestExecutionListener@327120c8]
10:01:46.570 [Test worker] DEBUG org.springframework.test.context.support.AbstractDirtiesContextTestExecutionListener - Before test class: context [DefaultTestContext@7c18432b testClass = UserControllerMockMvcTest, testInstance = [null], testMethod = [null], testException = [null], mergedContextConfiguration = [WebMergedContextConfiguration@7646731d testClass = UserControllerMockMvcTest, locations = '{}', classes = '{class com.meli.interview.back.subscription_api.SubscriptionApplication}', contextInitializerClasses = '[]', activeProfiles = '{}', propertySourceLocations = '{}', propertySourceProperties = '{org.springframework.boot.test.autoconfigure.web.servlet.WebMvcTestContextBootstrapper=true}', contextCustomizers = set[org.springframework.boot.test.autoconfigure.OverrideAutoConfigurationContextCustomizerFactory$DisableAutoConfigurationContextCustomizer@165b2f7f, org.springframework.boot.test.autoconfigure.actuate.metrics.MetricsExportContextCustomizerFactory$DisableMetricExportContextCustomizer@470a696f, org.springframework.boot.test.autoconfigure.filter.TypeExcludeFiltersContextCustomizer@8f0e44d6, org.springframework.boot.test.autoconfigure.properties.PropertyMappingContextCustomizer@3e5edf82, org.springframework.boot.test.autoconfigure.web.servlet.WebDriverContextCustomizerFactory$Customizer@68d6972f, [ImportsContextCustomizer@70e29e14 key = [org.springframework.boot.autoconfigure.cache.CacheAutoConfiguration, org.springframework.boot.autoconfigure.context.MessageSourceAutoConfiguration, org.springframework.boot.autoconfigure.data.web.SpringDataWebAutoConfiguration, org.springframework.boot.autoconfigure.freemarker.FreeMarkerAutoConfiguration, org.springframework.boot.autoconfigure.groovy.template.GroovyTemplateAutoConfiguration, org.springframework.boot.autoconfigure.gson.GsonAutoConfiguration, org.springframework.boot.autoconfigure.hateoas.HypermediaAutoConfiguration, org.springframework.boot.autoconfigure.http.HttpMessageConvertersAutoConfiguration, org.springframework.boot.autoconfigure.jackson.JacksonAutoConfiguration, org.springframework.boot.autoconfigure.jsonb.JsonbAutoConfiguration, org.springframework.boot.autoconfigure.mustache.MustacheAutoConfiguration, org.springframework.boot.autoconfigure.task.TaskExecutionAutoConfiguration, org.springframework.boot.autoconfigure.thymeleaf.ThymeleafAutoConfiguration, org.springframework.boot.autoconfigure.validation.ValidationAutoConfiguration, org.springframework.boot.autoconfigure.web.servlet.error.ErrorMvcAutoConfiguration, org.springframework.boot.autoconfigure.web.servlet.HttpEncodingAutoConfiguration, org.springframework.boot.autoconfigure.web.servlet.WebMvcAutoConfiguration, org.springframework.boot.test.autoconfigure.web.servlet.MockMvcAutoConfiguration, org.springframework.boot.test.autoconfigure.web.servlet.MockMvcWebClientAutoConfiguration, org.springframework.boot.test.autoconfigure.web.servlet.MockMvcWebDriverAutoConfiguration, org.springframework.boot.autoconfigure.security.oauth2.client.servlet.OAuth2ClientAutoConfiguration, org.springframework.boot.autoconfigure.security.oauth2.resource.servlet.OAuth2ResourceServerAutoConfiguration, org.springframework.boot.autoconfigure.security.servlet.SecurityAutoConfiguration, org.springframework.boot.autoconfigure.security.servlet.SecurityFilterAutoConfiguration, org.springframework.boot.autoconfigure.security.servlet.UserDetailsServiceAutoConfiguration, org.springframework.boot.test.autoconfigure.web.servlet.MockMvcSecurityConfiguration]], org.springframework.boot.test.context.filter.ExcludeFilterContextCustomizer@5f2f577, org.springframework.boot.test.json.DuplicateJsonObjectContextCustomizerFactory$DuplicateJsonObjectContextCustomizer@53e211ee, org.springframework.boot.test.mock.mockito.MockitoContextCustomizer@1abc4c14, org.springframework.boot.test.context.SpringBootTestArgs@1, org.springframework.boot.test.context.SpringBootTestWebEnvironment@0], resourceBasePath = 'src/main/webapp', contextLoader = 'org.springframework.boot.test.context.SpringBootContextLoader', parent = [null]], attributes = map[[empty]]], class annotated with @DirtiesContext [false] with mode [null].
10:01:48.207 [Test worker] DEBUG org.springframework.boot.ApplicationServletEnvironment - Activating profiles []
10:01:48.446 [Test worker] DEBUG org.springframework.test.context.support.TestPropertySourceUtils - Adding inlined properties to environment: {spring.jmx.enabled=false, org.springframework.boot.test.autoconfigure.web.servlet.WebMvcTestContextBootstrapper=true}

  .   ____          _            __ _ _
 /\\ / ___'_ __ _ _(_)_ __  __ _ \ \ \ \
( ( )\___ | '_ | '_| | '_ \/ _` | \ \ \ \
 \\/  ___)| |_)| | | | | || (_| |  ) ) ) )
  '  |____| .__|_| |_|_| |_\__, | / / / /
 =========|_|==============|___/=/_/_/_/
 :: Spring Boot ::                (v2.5.7)

2022-07-08 10:01:50.961  INFO 10624 --- [    Test worker] c.m.i.b.s.c.UserControllerMockMvcTest    : Starting UserControllerMockMvcTest using Java 11.0.13 on Skere with PID 10624 (started by Yoni in C:\Users\Yoni\Desktop\JAVADADU\proyecto Gradle\facu\interview-back)
2022-07-08 10:01:50.963  INFO 10624 --- [    Test worker] c.m.i.b.s.c.UserControllerMockMvcTest    : No active profile set, falling back to default profiles: default
2022-07-08 10:02:01.666  INFO 10624 --- [    Test worker] o.s.b.t.m.w.SpringBootMockServletContext : Initializing Spring TestDispatcherServlet ''
2022-07-08 10:02:01.667  INFO 10624 --- [    Test worker] o.s.t.web.servlet.TestDispatcherServlet  : Initializing Servlet ''
2022-07-08 10:02:01.670  INFO 10624 --- [    Test worker] o.s.t.web.servlet.TestDispatcherServlet  : Completed initialization in 3 ms
2022-07-08 10:02:01.898  INFO 10624 --- [    Test worker] c.m.i.b.s.c.UserControllerMockMvcTest    : Started UserControllerMockMvcTest in 13.441 seconds (JVM running for 24.401)
]]></system-out>
  <system-err><![CDATA[]]></system-err>
</testsuite>
